amf_acctdate0prevbalance.sql
amf_acctdate1deb.sql
amf_acctdate2cre.sql
amf_acctdate3balance.sql
amf_acctdate4currentbalance.sql
amf_acctper0prevbalance.sql
amf_acctper1deb.sql
amf_acctper2cre.sql
amf_acctper3balance.sql
amf_acctper4currentbalance.sql
amf_dow2letter.sql
amf_fiscalstartdate.sql
amf_month2letter.sql
amf_nextperiodenddate.sql
amf_nextperiodstartdate.sql
amf_num2letter.sql
amf_num2letter1000.sql
amf_periodenddate.sql
amf_periodstartdate.sql
amf_prevperiodenddate.sql
amf_prevperiodstartdate.sql

